2015-08-20 09:33:10 [ main ] Loaded default TestExecutionListener class names from location [META-INF/spring.factories]: [org.springframework.test.context.web.ServletTestExecutionListener, org.springframework.test.context.support.DependencyInjectionTestExecutionListener, org.springframework.test.context.support.DirtiesContextTestExecutionListener, org.springframework.test.context.transaction.TransactionalTestExecutionListener, org.springframework.test.context.jdbc.SqlScriptsTestExecutionListener]
2015-08-20 09:33:10 [ main ] Could not instantiate TestExecutionListener [org.springframework.test.context.web.ServletTestExecutionListener]. Specify custom listener classes or make the default listener classes (and their required dependencies) available. Offending class: [javax/servlet/ServletContext]
2015-08-20 09:33:10 [ main ] Using TestExecutionListeners: [org.springframework.test.context.support.DependencyInjectionTestExecutionListener@76e5b3b9, org.springframework.test.context.support.DirtiesContextTestExecutionListener@627a73aa, org.springframework.test.context.transaction.TransactionalTestExecutionListener@553fd068, org.springframework.test.context.jdbc.SqlScriptsTestExecutionListener@508b8791]
2015-08-20 09:33:10 [ main ] Loading XML bean definitions from class path resource [ApplicationContext.xml]
2015-08-20 09:33:11 [ main ] Refreshing org.springframework.context.support.GenericApplicationContext@3385f539: startup date [Thu Aug 20 09:33:11 CST 2015]; root of context hierarchy
2015-08-20 09:33:13 [ Thread-2 ] Closing org.springframework.context.support.GenericApplicationContext@3385f539: startup date [Thu Aug 20 09:33:11 CST 2015]; root of context hierarchy
2015-08-20 09:33:24 [ main ] Loaded default TestExecutionListener class names from location [META-INF/spring.factories]: [org.springframework.test.context.web.ServletTestExecutionListener, org.springframework.test.context.support.DependencyInjectionTestExecutionListener, org.springframework.test.context.support.DirtiesContextTestExecutionListener, org.springframework.test.context.transaction.TransactionalTestExecutionListener, org.springframework.test.context.jdbc.SqlScriptsTestExecutionListener]
2015-08-20 09:33:24 [ main ] Could not instantiate TestExecutionListener [org.springframework.test.context.web.ServletTestExecutionListener]. Specify custom listener classes or make the default listener classes (and their required dependencies) available. Offending class: [javax/servlet/ServletContext]
2015-08-20 09:33:24 [ main ] Using TestExecutionListeners: [org.springframework.test.context.support.DependencyInjectionTestExecutionListener@553fd068, org.springframework.test.context.support.DirtiesContextTestExecutionListener@508b8791, org.springframework.test.context.transaction.TransactionalTestExecutionListener@787169e6, org.springframework.test.context.jdbc.SqlScriptsTestExecutionListener@5ddfb8d0]
2015-08-20 09:33:24 [ main ] Loading XML bean definitions from class path resource [ApplicationContext.xml]
2015-08-20 09:33:25 [ main ] Refreshing org.springframework.context.support.GenericApplicationContext@6f17beff: startup date [Thu Aug 20 09:33:25 CST 2015]; root of context hierarchy
2015-08-20 09:33:26 [ Thread-2 ] Closing org.springframework.context.support.GenericApplicationContext@6f17beff: startup date [Thu Aug 20 09:33:25 CST 2015]; root of context hierarchy
2015-08-20 09:34:22 [ main ] Loaded default TestExecutionListener class names from location [META-INF/spring.factories]: [org.springframework.test.context.web.ServletTestExecutionListener, org.springframework.test.context.support.DependencyInjectionTestExecutionListener, org.springframework.test.context.support.DirtiesContextTestExecutionListener, org.springframework.test.context.transaction.TransactionalTestExecutionListener, org.springframework.test.context.jdbc.SqlScriptsTestExecutionListener]
2015-08-20 09:34:22 [ main ] Could not instantiate TestExecutionListener [org.springframework.test.context.web.ServletTestExecutionListener]. Specify custom listener classes or make the default listener classes (and their required dependencies) available. Offending class: [javax/servlet/ServletContext]
2015-08-20 09:34:22 [ main ] Using TestExecutionListeners: [org.springframework.test.context.support.DependencyInjectionTestExecutionListener@627a73aa, org.springframework.test.context.support.DirtiesContextTestExecutionListener@553fd068, org.springframework.test.context.transaction.TransactionalTestExecutionListener@508b8791, org.springframework.test.context.jdbc.SqlScriptsTestExecutionListener@787169e6]
2015-08-20 09:34:22 [ main ] Loading XML bean definitions from class path resource [ApplicationContext.xml]
2015-08-20 09:34:23 [ main ] Refreshing org.springframework.context.support.GenericApplicationContext@1fa68b9c: startup date [Thu Aug 20 09:34:23 CST 2015]; root of context hierarchy
2015-08-20 09:34:24 [ Thread-2 ] Closing org.springframework.context.support.GenericApplicationContext@1fa68b9c: startup date [Thu Aug 20 09:34:23 CST 2015]; root of context hierarchy
2015-08-20 09:35:11 [ main ] Loaded default TestExecutionListener class names from location [META-INF/spring.factories]: [org.springframework.test.context.web.ServletTestExecutionListener, org.springframework.test.context.support.DependencyInjectionTestExecutionListener, org.springframework.test.context.support.DirtiesContextTestExecutionListener, org.springframework.test.context.transaction.TransactionalTestExecutionListener, org.springframework.test.context.jdbc.SqlScriptsTestExecutionListener]
2015-08-20 09:35:11 [ main ] Could not instantiate TestExecutionListener [org.springframework.test.context.web.ServletTestExecutionListener]. Specify custom listener classes or make the default listener classes (and their required dependencies) available. Offending class: [javax/servlet/ServletContext]
2015-08-20 09:35:11 [ main ] Using TestExecutionListeners: [org.springframework.test.context.support.DependencyInjectionTestExecutionListener@627a73aa, org.springframework.test.context.support.DirtiesContextTestExecutionListener@553fd068, org.springframework.test.context.transaction.TransactionalTestExecutionListener@508b8791, org.springframework.test.context.jdbc.SqlScriptsTestExecutionListener@787169e6]
2015-08-20 09:35:11 [ main ] Loading XML bean definitions from class path resource [ApplicationContext.xml]
2015-08-20 09:35:11 [ main ] Refreshing org.springframework.context.support.GenericApplicationContext@1fa68b9c: startup date [Thu Aug 20 09:35:11 CST 2015]; root of context hierarchy
2015-08-20 09:35:13 [ Thread-2 ] Closing org.springframework.context.support.GenericApplicationContext@1fa68b9c: startup date [Thu Aug 20 09:35:11 CST 2015]; root of context hierarchy
2015-08-20 09:36:42 [ main ] Loaded default TestExecutionListener class names from location [META-INF/spring.factories]: [org.springframework.test.context.web.ServletTestExecutionListener, org.springframework.test.context.support.DependencyInjectionTestExecutionListener, org.springframework.test.context.support.DirtiesContextTestExecutionListener, org.springframework.test.context.transaction.TransactionalTestExecutionListener, org.springframework.test.context.jdbc.SqlScriptsTestExecutionListener]
2015-08-20 09:36:42 [ main ] Could not instantiate TestExecutionListener [org.springframework.test.context.web.ServletTestExecutionListener]. Specify custom listener classes or make the default listener classes (and their required dependencies) available. Offending class: [javax/servlet/ServletContext]
2015-08-20 09:36:42 [ main ] Using TestExecutionListeners: [org.springframework.test.context.support.DependencyInjectionTestExecutionListener@2f81dd44, org.springframework.test.context.support.DirtiesContextTestExecutionListener@76e5b3b9, org.springframework.test.context.transaction.TransactionalTestExecutionListener@627a73aa, org.springframework.test.context.jdbc.SqlScriptsTestExecutionListener@553fd068]
2015-08-20 09:36:42 [ main ] Loading XML bean definitions from class path resource [ApplicationContext.xml]
2015-08-20 09:36:43 [ main ] Refreshing org.springframework.context.support.GenericApplicationContext@81560cc: startup date [Thu Aug 20 09:36:43 CST 2015]; root of context hierarchy
2015-08-20 09:36:44 [ Thread-2 ] Closing org.springframework.context.support.GenericApplicationContext@81560cc: startup date [Thu Aug 20 09:36:43 CST 2015]; root of context hierarchy
2015-08-20 09:37:48 [ main ] Loaded default TestExecutionListener class names from location [META-INF/spring.factories]: [org.springframework.test.context.web.ServletTestExecutionListener, org.springframework.test.context.support.DependencyInjectionTestExecutionListener, org.springframework.test.context.support.DirtiesContextTestExecutionListener, org.springframework.test.context.transaction.TransactionalTestExecutionListener, org.springframework.test.context.jdbc.SqlScriptsTestExecutionListener]
2015-08-20 09:37:48 [ main ] Could not instantiate TestExecutionListener [org.springframework.test.context.web.ServletTestExecutionListener]. Specify custom listener classes or make the default listener classes (and their required dependencies) available. Offending class: [javax/servlet/ServletContext]
2015-08-20 09:37:48 [ main ] Using TestExecutionListeners: [org.springframework.test.context.support.DependencyInjectionTestExecutionListener@76e5b3b9, org.springframework.test.context.support.DirtiesContextTestExecutionListener@627a73aa, org.springframework.test.context.transaction.TransactionalTestExecutionListener@553fd068, org.springframework.test.context.jdbc.SqlScriptsTestExecutionListener@508b8791]
2015-08-20 09:37:48 [ main ] Loading XML bean definitions from class path resource [ApplicationContext.xml]
2015-08-20 09:37:49 [ main ] Refreshing org.springframework.context.support.GenericApplicationContext@3385f539: startup date [Thu Aug 20 09:37:49 CST 2015]; root of context hierarchy
2015-08-20 09:37:50 [ Thread-2 ] Closing org.springframework.context.support.GenericApplicationContext@3385f539: startup date [Thu Aug 20 09:37:49 CST 2015]; root of context hierarchy
2015-08-20 10:02:07 [ main ] Loaded default TestExecutionListener class names from location [META-INF/spring.factories]: [org.springframework.test.context.web.ServletTestExecutionListener, org.springframework.test.context.support.DependencyInjectionTestExecutionListener, org.springframework.test.context.support.DirtiesContextTestExecutionListener, org.springframework.test.context.transaction.TransactionalTestExecutionListener, org.springframework.test.context.jdbc.SqlScriptsTestExecutionListener]
2015-08-20 10:02:07 [ main ] Could not instantiate TestExecutionListener [org.springframework.test.context.web.ServletTestExecutionListener]. Specify custom listener classes or make the default listener classes (and their required dependencies) available. Offending class: [javax/servlet/ServletContext]
2015-08-20 10:02:07 [ main ] Using TestExecutionListeners: [org.springframework.test.context.support.DependencyInjectionTestExecutionListener@4dc1dfa9, org.springframework.test.context.support.DirtiesContextTestExecutionListener@7342f820, org.springframework.test.context.transaction.TransactionalTestExecutionListener@31b037fe, org.springframework.test.context.jdbc.SqlScriptsTestExecutionListener@282c1e2e]
2015-08-20 10:02:07 [ main ] Loading XML bean definitions from class path resource [ApplicationContext.xml]
2015-08-20 10:02:08 [ main ] Refreshing org.springframework.context.support.GenericApplicationContext@1552dc6d: startup date [Thu Aug 20 10:02:08 CST 2015]; root of context hierarchy
2015-08-20 10:02:09 [ Thread-2 ] Closing org.springframework.context.support.GenericApplicationContext@1552dc6d: startup date [Thu Aug 20 10:02:08 CST 2015]; root of context hierarchy
2015-08-20 10:04:27 [ main ] Loaded default TestExecutionListener class names from location [META-INF/spring.factories]: [org.springframework.test.context.web.ServletTestExecutionListener, org.springframework.test.context.support.DependencyInjectionTestExecutionListener, org.springframework.test.context.support.DirtiesContextTestExecutionListener, org.springframework.test.context.transaction.TransactionalTestExecutionListener, org.springframework.test.context.jdbc.SqlScriptsTestExecutionListener]
2015-08-20 10:04:27 [ main ] Could not instantiate TestExecutionListener [org.springframework.test.context.web.ServletTestExecutionListener]. Specify custom listener classes or make the default listener classes (and their required dependencies) available. Offending class: [javax/servlet/ServletContext]
2015-08-20 10:04:27 [ main ] Using TestExecutionListeners: [org.springframework.test.context.support.DependencyInjectionTestExecutionListener@39779de, org.springframework.test.context.support.DirtiesContextTestExecutionListener@4dc1dfa9, org.springframework.test.context.transaction.TransactionalTestExecutionListener@7342f820, org.springframework.test.context.jdbc.SqlScriptsTestExecutionListener@31b037fe]
2015-08-20 10:04:27 [ main ] Loading XML bean definitions from class path resource [ApplicationContext.xml]
2015-08-20 10:04:27 [ main ] Refreshing org.springframework.context.support.GenericApplicationContext@30cbd22a: startup date [Thu Aug 20 10:04:27 CST 2015]; root of context hierarchy
2015-08-20 10:04:29 [ Thread-2 ] Closing org.springframework.context.support.GenericApplicationContext@30cbd22a: startup date [Thu Aug 20 10:04:27 CST 2015]; root of context hierarchy
2015-08-20 10:04:43 [ main ] Loaded default TestExecutionListener class names from location [META-INF/spring.factories]: [org.springframework.test.context.web.ServletTestExecutionListener, org.springframework.test.context.support.DependencyInjectionTestExecutionListener, org.springframework.test.context.support.DirtiesContextTestExecutionListener, org.springframework.test.context.transaction.TransactionalTestExecutionListener, org.springframework.test.context.jdbc.SqlScriptsTestExecutionListener]
2015-08-20 10:04:43 [ main ] Could not instantiate TestExecutionListener [org.springframework.test.context.web.ServletTestExecutionListener]. Specify custom listener classes or make the default listener classes (and their required dependencies) available. Offending class: [javax/servlet/ServletContext]
2015-08-20 10:04:43 [ main ] Using TestExecutionListeners: [org.springframework.test.context.support.DependencyInjectionTestExecutionListener@31b037fe, org.springframework.test.context.support.DirtiesContextTestExecutionListener@282c1e2e, org.springframework.test.context.transaction.TransactionalTestExecutionListener@6871729c, org.springframework.test.context.jdbc.SqlScriptsTestExecutionListener@701b9555]
2015-08-20 10:04:43 [ main ] Loading XML bean definitions from class path resource [ApplicationContext.xml]
2015-08-20 10:04:44 [ main ] Refreshing org.springframework.context.support.GenericApplicationContext@6ede4084: startup date [Thu Aug 20 10:04:44 CST 2015]; root of context hierarchy
2015-08-20 10:04:45 [ Thread-2 ] Closing org.springframework.context.support.GenericApplicationContext@6ede4084: startup date [Thu Aug 20 10:04:44 CST 2015]; root of context hierarchy
